ATSCAN SCANNER VERSION 15.0.7 RELEASE
=====================================================
  CHANGES: v15.0.6 04/02/2019
  - Shodan host ip.
  - Shodan host count.
  - Shodan host search.
  - Shodan query.
  - Shodan query search.
  - Shodan query tags.
  - Shodan dns reverse.
  - Shodan dns resolve.
  - Shodan tools my ip.
  - Shodan tools my api.
  - More when i have time..รง
  
  CHANGES: v15.0.7 05/02/2019
  - Fix some bugs.
  - Add shodan api ports.
  - Add shodan api protocols.
  - Enjoy!
  =================
